Sun Jul 19 2020 16:58:22 GMT+0300 (GMT+03:00) PostmanRuntime/7.26.1 GET/p/tests/Roman
Sun Jul 19 2020 16:58:32 GMT+0300 (GMT+03:00) PostmanRuntime/7.26.1 GET/p/tests/Roman
Sun Jul 19 2020 16:58:34 GMT+0300 (GMT+03:00) PostmanRuntime/7.26.1 GET/p/tests/Roman
Sun Jul 19 2020 16:59:40 GMT+0300 (GMT+03:00) PostmanRuntime/7.26.1 GET/p/tests/Roman
Sun Jul 19 2020 17:00:10 GMT+0300 (GMT+03:00) PostmanRuntime/7.26.1 POST/auth/login
Sun Jul 19 2020 17:00:17 GMT+0300 (GMT+03:00) PostmanRuntime/7.26.1 POST/auth/login
Sun Jul 19 2020 17:00:26 GMT+0300 (GMT+03:00) PostmanRuntime/7.26.1 GET/p/tests/Roman
Sun Jul 19 2020 17:00:31 GMT+0300 (GMT+03:00) PostmanRuntime/7.26.1 GET/p/tests/Vova
Sun Jul 19 2020 17:00:35 GMT+0300 (GMT+03:00) PostmanRuntime/7.26.1 GET/p/tests/Vovaf
Sun Jul 19 2020 18:40:32 GMT+0300 (GMT+03:00) PostmanRuntime/7.26.1 GET/p/tests/Vovaf
Sun Jul 19 2020 18:40:36 GMT+0300 (GMT+03:00) PostmanRuntime/7.26.1 GET/p/tests/Vova
Sun Jul 19 2020 18:55:18 GMT+0300 (GMT+03:00) PostmanRuntime/7.26.1 GET/p/tests/5e29899cee4e970ab0b7a215
Sun Jul 19 2020 18:55:29 GMT+0300 (GMT+03:00) PostmanRuntime/7.26.1 GET/p/tests/5e29899cee4e970ab0b7a215
Sun Jul 19 2020 18:55:41 GMT+0300 (GMT+03:00) PostmanRuntime/7.26.1 GET/p/tests/5e286bdeee4e970ab0b7a213
Sun Jul 19 2020 18:55:43 GMT+0300 (GMT+03:00) PostmanRuntime/7.26.1 GET/p/tests/5e286bdeee4e970ab0b7a213d
Tue Jul 21 2020 19:55:44 GMT+0300 (GMT+03:00) PostmanRuntime/7.26.1 POST/auth/login
Tue Jul 21 2020 19:56:05 GMT+0300 (GMT+03:00) PostmanRuntime/7.26.1 GET/s/tests
Tue Jul 21 2020 20:08:03 GMT+0300 (GMT+03:00) PostmanRuntime/7.26.1 POST/auth/login
Tue Jul 21 2020 20:08:38 GMT+0300 (GMT+03:00) PostmanRuntime/7.26.1 PATCH/t/tests/FFF
Tue Jul 21 2020 20:08:44 GMT+0300 (GMT+03:00) PostmanRuntime/7.26.1 POST/t/tests/FFF
Tue Jul 21 2020 20:08:52 GMT+0300 (GMT+03:00) PostmanRuntime/7.26.1 POST/s/tests/FFF
Tue Jul 21 2020 20:09:05 GMT+0300 (GMT+03:00) PostmanRuntime/7.26.1 POST/p/
Tue Jul 21 2020 20:17:15 GMT+0300 (GMT+03:00) PostmanRuntime/7.26.1 POST/auth/login
Tue Jul 21 2020 20:17:27 GMT+0300 (GMT+03:00) PostmanRuntime/7.26.1 GET/s/tests
Tue Jul 21 2020 20:22:31 GMT+0300 (GMT+03:00) PostmanRuntime/7.26.1 POST/auth/login
Tue Jul 21 2020 20:24:24 GMT+0300 (GMT+03:00) PostmanRuntime/7.26.1 POST/auth/login
Tue Jul 21 2020 20:24:36 GMT+0300 (GMT+03:00) PostmanRuntime/7.26.1 POST/auth/login
Tue Jul 21 2020 20:24:41 GMT+0300 (GMT+03:00) PostmanRuntime/7.26.1 POST/auth/login
Tue Jul 21 2020 20:27:25 GMT+0300 (GMT+03:00) PostmanRuntime/7.26.1 GET/s/tests
Tue Jul 21 2020 20:30:55 GMT+0300 (GMT+03:00) PostmanRuntime/7.26.1 POST/p/Hello
Tue Jul 21 2020 20:31:03 GMT+0300 (GMT+03:00) PostmanRuntime/7.26.1 POST/s/Hello
Tue Jul 21 2020 20:31:11 GMT+0300 (GMT+03:00) PostmanRuntime/7.26.1 POST/s/tests/Hello
Tue Jul 21 2020 20:31:30 GMT+0300 (GMT+03:00) PostmanRuntime/7.26.1 GET/s/tests
Tue Jul 21 2020 20:33:13 GMT+0300 (GMT+03:00) PostmanRuntime/7.26.1 POST/auth/login
Tue Jul 21 2020 20:33:23 GMT+0300 (GMT+03:00) PostmanRuntime/7.26.1 GET/s/tests
Tue Jul 21 2020 20:33:35 GMT+0300 (GMT+03:00) PostmanRuntime/7.26.1 POST/s/tests/Hello
Tue Jul 21 2020 20:33:38 GMT+0300 (GMT+03:00) PostmanRuntime/7.26.1 GET/s/tests
Thu Jul 23 2020 19:52:25 GMT+0300 (GMT+03:00) PostmanRuntime/7.26.1 POST/auth/login
Thu Jul 23 2020 19:52:33 GMT+0300 (GMT+03:00) PostmanRuntime/7.26.1 GET/s/tests
Thu Jul 23 2020 20:16:21 GMT+0300 (GMT+03:00) PostmanRuntime/7.26.1 POST/auth/login
Thu Jul 23 2020 20:16:48 GMT+0300 (GMT+03:00) PostmanRuntime/7.26.1 POST/auth/login
Thu Jul 23 2020 20:16:58 GMT+0300 (GMT+03:00) PostmanRuntime/7.26.1 POST/auth/login
Thu Jul 23 2020 20:21:08 GMT+0300 (GMT+03:00) PostmanRuntime/7.26.1 POST/auth/login
Thu Jul 23 2020 20:34:10 GMT+0300 (GMT+03:00) PostmanRuntime/7.26.1 POST/auth/login
Thu Jul 23 2020 20:34:14 GMT+0300 (GMT+03:00) PostmanRuntime/7.26.1 POST/auth/login
Thu Jul 23 2020 20:34:17 GMT+0300 (GMT+03:00) PostmanRuntime/7.26.1 POST/auth/login
Thu Jul 23 2020 20:34:20 GMT+0300 (GMT+03:00) PostmanRuntime/7.26.1 POST/auth/login
Thu Jul 23 2020 20:34:23 GMT+0300 (GMT+03:00) PostmanRuntime/7.26.1 POST/auth/login
Thu Jul 23 2020 20:34:36 GMT+0300 (GMT+03:00) PostmanRuntime/7.26.1 POST/auth/refresh
Thu Jul 23 2020 20:35:09 GMT+0300 (GMT+03:00) PostmanRuntime/7.26.1 GET/s/tests
Thu Jul 23 2020 20:35:14 GMT+0300 (GMT+03:00) PostmanRuntime/7.26.1 POST/auth/login
Thu Jul 23 2020 20:35:25 GMT+0300 (GMT+03:00) PostmanRuntime/7.26.1 GET/s/tests
Thu Jul 23 2020 20:36:11 GMT+0300 (GMT+03:00) PostmanRuntime/7.26.1 POST/auth/login
Thu Jul 23 2020 20:36:20 GMT+0300 (GMT+03:00) PostmanRuntime/7.26.1 GET/s/tests
Thu Jul 23 2020 20:37:14 GMT+0300 (GMT+03:00) PostmanRuntime/7.26.1 GET/s/tests
Thu Jul 23 2020 20:39:02 GMT+0300 (GMT+03:00) PostmanRuntime/7.26.1 POST/s/tests/
Thu Jul 23 2020 20:39:17 GMT+0300 (GMT+03:00) PostmanRuntime/7.26.1 POST/s/tests/
Thu Jul 23 2020 20:45:58 GMT+0300 (GMT+03:00) PostmanRuntime/7.26.1 POST/s/tests/
Thu Jul 23 2020 20:46:27 GMT+0300 (GMT+03:00) PostmanRuntime/7.26.1 POST/s/tests/
Thu Jul 23 2020 20:46:55 GMT+0300 (GMT+03:00) PostmanRuntime/7.26.1 POST/s/tests/
Thu Jul 23 2020 20:47:59 GMT+0300 (GMT+03:00) PostmanRuntime/7.26.1 POST/s/tests/
Thu Jul 23 2020 20:48:02 GMT+0300 (GMT+03:00) PostmanRuntime/7.26.1 POST/s/tests/
Thu Jul 23 2020 20:48:23 GMT+0300 (GMT+03:00) PostmanRuntime/7.26.1 POST/s/tests/
Thu Jul 23 2020 20:50:04 GMT+0300 (GMT+03:00) PostmanRuntime/7.26.1 POST/s/tests/
Thu Jul 23 2020 20:50:21 GMT+0300 (GMT+03:00) PostmanRuntime/7.26.1 POST/s/tests/
Thu Jul 23 2020 20:50:51 GMT+0300 (GMT+03:00) PostmanRuntime/7.26.1 POST/s/tests/
Thu Jul 23 2020 20:51:02 GMT+0300 (GMT+03:00) PostmanRuntime/7.26.1 POST/s/tests/
Thu Jul 23 2020 20:51:06 GMT+0300 (GMT+03:00) PostmanRuntime/7.26.1 POST/s/tests/
Thu Jul 23 2020 20:57:15 GMT+0300 (GMT+03:00) PostmanRuntime/7.26.1 POST/s/tests/
Thu Jul 23 2020 20:57:23 GMT+0300 (GMT+03:00) PostmanRuntime/7.26.1 POST/s/tests/
Thu Jul 23 2020 20:57:31 GMT+0300 (GMT+03:00) PostmanRuntime/7.26.1 POST/s/tests/
Thu Jul 23 2020 20:57:36 GMT+0300 (GMT+03:00) PostmanRuntime/7.26.1 POST/s/tests/
Thu Jul 23 2020 20:57:51 GMT+0300 (GMT+03:00) PostmanRuntime/7.26.1 POST/s/tests/
Thu Jul 23 2020 20:59:46 GMT+0300 (GMT+03:00) PostmanRuntime/7.26.1 POST/s/tests/
Thu Jul 23 2020 20:59:51 GMT+0300 (GMT+03:00) PostmanRuntime/7.26.1 POST/s/tests/
Thu Jul 23 2020 21:02:40 GMT+0300 (GMT+03:00) PostmanRuntime/7.26.1 POST/s/tests/
Thu Jul 23 2020 21:02:45 GMT+0300 (GMT+03:00) PostmanRuntime/7.26.1 POST/s/tests/
Thu Jul 23 2020 21:02:48 GMT+0300 (GMT+03:00) PostmanRuntime/7.26.1 POST/s/tests/
Thu Jul 23 2020 21:02:51 GMT+0300 (GMT+03:00) PostmanRuntime/7.26.1 POST/s/tests/
Thu Jul 23 2020 21:03:23 GMT+0300 (GMT+03:00) PostmanRuntime/7.26.1 POST/s/tests/
Thu Jul 23 2020 21:03:27 GMT+0300 (GMT+03:00) PostmanRuntime/7.26.1 POST/s/tests/
Thu Jul 23 2020 21:03:28 GMT+0300 (GMT+03:00) PostmanRuntime/7.26.1 POST/s/tests/
Thu Jul 23 2020 21:03:32 GMT+0300 (GMT+03:00) PostmanRuntime/7.26.1 GET/s/tests
Thu Jul 23 2020 21:04:54 GMT+0300 (GMT+03:00) PostmanRuntime/7.26.1 GET/s/tests/
Thu Jul 23 2020 21:05:10 GMT+0300 (GMT+03:00) PostmanRuntime/7.26.1 PUT/s/tests/5f19d0ef52f5cd2c6cc56dc1
Thu Jul 23 2020 21:05:39 GMT+0300 (GMT+03:00) PostmanRuntime/7.26.1 PUT/s/tests/5f19d0ef52f5cd2c6cc56dc1
Thu Jul 23 2020 21:05:54 GMT+0300 (GMT+03:00) PostmanRuntime/7.26.1 PUT/s/tests/5f19d0ef52f5cd2c6cc56dc1
Thu Jul 23 2020 21:06:11 GMT+0300 (GMT+03:00) PostmanRuntime/7.26.1 PUT/s/tests/5f19d0ef52f5cd2c6cc56dc1
Thu Jul 23 2020 21:06:24 GMT+0300 (GMT+03:00) PostmanRuntime/7.26.1 PUT/s/tests/5f19d0ef52f5cd2c6cc56dc1
Thu Jul 23 2020 21:06:43 GMT+0300 (GMT+03:00) PostmanRuntime/7.26.1 PUT/s/tests/5f19d0ef52f5cd2c6cc56dc1
Thu Jul 23 2020 21:09:44 GMT+0300 (GMT+03:00) PostmanRuntime/7.26.1 PUT/s/tests/5f19d0ef52f5cd2c6cc56dc1
Thu Jul 23 2020 21:10:11 GMT+0300 (GMT+03:00) PostmanRuntime/7.26.1 PUT/s/tests/5f19d0ef52f5cd2c6cc56dc1
Thu Jul 23 2020 21:10:14 GMT+0300 (GMT+03:00) PostmanRuntime/7.26.1 GET/s/tests/
Thu Jul 23 2020 21:10:20 GMT+0300 (GMT+03:00) PostmanRuntime/7.26.1 PUT/s/tests/5f19d0ef52f5cd2c6cc56dc1f
Thu Jul 23 2020 21:10:49 GMT+0300 (GMT+03:00) PostmanRuntime/7.26.1 PUT/s/tests/5f19d0ef52f5cd2c6cc56dc1
Thu Jul 23 2020 21:11:04 GMT+0300 (GMT+03:00) PostmanRuntime/7.26.1 PUT/s/tests/5f19d0ef52f5cd2c6cc56dc1
Thu Jul 23 2020 21:11:09 GMT+0300 (GMT+03:00) PostmanRuntime/7.26.1 PUT/s/tests/5f19d0ef52f5cd2c6cc56dc1
Thu Jul 23 2020 21:11:11 GMT+0300 (GMT+03:00) PostmanRuntime/7.26.1 GET/s/tests/
